This file contains any messages produced by compilers while
running configure, to aid debugging if configure makes a mistake.

It was created by Chocolate Doom configure 3.0.1, which was
generated by GNU Autoconf 2.69.  Invocation command line was

  $ ./configure --with-debug

## --------- ##
## Platform. ##
## --------- ##

hostname = Ahmad-HexHive
uname -m = x86_64
uname -r = 5.4.0-109-generic
uname -s = Linux
uname -v = #123~18.04.1-Ubuntu SMP Fri Apr 8 09:48:52 UTC 2022

/usr/bin/uname -p = unknown
/bin/uname -X     = unknown

/bin/arch              = unknown
/usr/bin/arch -k       = unknown
/usr/convex/getsysinfo = unknown
/usr/bin/hostinfo      = unknown
/bin/machine           = unknown
/usr/bin/oslevel       = unknown
/bin/universe          = unknown

PATH: /home/cysto/gems/bin
PATH: /usr/lib/llvm-6.0/bin
PATH: /home/cysto/.local/bin
PATH: /usr/local/sbin
PATH: /usr/local/bin
PATH: /usr/sbin
PATH: /usr/bin
PATH: /sbin
PATH: /bin
PATH: /usr/games
PATH: /usr/local/games
PATH: /snap/bin
PATH: /usr/lib/jvm/java-11-oracle/bin
PATH: /usr/lib/jvm/java-11-oracle/db/bin


## ----------- ##
## Core tests. ##
## ----------- ##

configure:2333: checking build system type
configure:2347: result: x86_64-pc-linux-gnu
configure:2367: checking host system type
configure:2380: result: x86_64-pc-linux-gnu
configure:2451: checking for gcc
configure:2467: found /usr/bin/gcc
configure:2478: result: gcc
configure:2707: checking for C compiler version
configure:2716: gcc --version >&5
gcc (Ubuntu 7.5.0-3ubuntu1~18.04) 7.5.0
Copyright (C) 2017 Free Software Foundation, Inc.
This is free software; see the source for copying conditions.  There is NO
warranty; not even for MERCHANTABILITY or FITNESS FOR A PARTICULAR PURPOSE.

configure:2727: $? = 0
configure:2716: gcc -v >&5
Using built-in specs.
COLLECT_GCC=gcc
COLLECT_LTO_WRAPPER=/usr/lib/gcc/x86_64-linux-gnu/7/lto-wrapper
OFFLOAD_TARGET_NAMES=nvptx-none
OFFLOAD_TARGET_DEFAULT=1
Target: x86_64-linux-gnu
Configured with: ../src/configure -v --with-pkgversion='Ubuntu 7.5.0-3ubuntu1~18.04' --with-bugurl=file:///usr/share/doc/gcc-7/README.Bugs --enable-languages=c,ada,c++,go,brig,d,fortran,objc,obj-c++ --prefix=/usr --with-gcc-major-version-only --program-suffix=-7 --program-prefix=x86_64-linux-gnu- --enable-shared --enable-linker-build-id --libexecdir=/usr/lib --without-included-gettext --enable-threads=posix --libdir=/usr/lib --enable-nls --enable-bootstrap --enable-clocale=gnu --enable-libstdcxx-debug --enable-libstdcxx-time=yes --with-default-libstdcxx-abi=new --enable-gnu-unique-object --disable-vtable-verify --enable-libmpx --enable-plugin --enable-default-pie --with-system-zlib --with-target-system-zlib --enable-objc-gc=auto --enable-multiarch --disable-werror --with-arch-32=i686 --with-abi=m64 --with-multilib-list=m32,m64,mx32 --enable-multilib --with-tune=generic --enable-offload-targets=nvptx-none --without-cuda-driver --enable-checking=release --build=x86_64-linux-gnu --host=x86_64-linux-gnu --target=x86_64-linux-gnu
Thread model: posix
gcc version 7.5.0 (Ubuntu 7.5.0-3ubuntu1~18.04) 
configure:2727: $? = 0
configure:2716: gcc -V >&5
gcc: error: unrecognized command line option '-V'
gcc: fatal error: no input files
compilation terminated.
configure:2727: $? = 1
configure:2716: gcc -qversion >&5
gcc: error: unrecognized command line option '-qversion'; did you mean '--version'?
gcc: fatal error: no input files
compilation terminated.
configure:2727: $? = 1
configure:2747: checking whether the C compiler works
configure:2769: gcc    conftest.c  >&5
configure:2773: $? = 0
configure:2821: result: yes
configure:2824: checking for C compiler default output file name
configure:2826: result: a.out
configure:2832: checking for suffix of executables
configure:2839: gcc -o conftest    conftest.c  >&5
configure:2843: $? = 0
configure:2865: result: 
configure:2887: checking whether we are cross compiling
configure:2895: gcc -o conftest    conftest.c  >&5
configure:2899: $? = 0
configure:2906: ./conftest
configure:2910: $? = 0
configure:2925: result: no
configure:2930: checking for suffix of object files
configure:2952: gcc -c   conftest.c >&5
configure:2956: $? = 0
configure:2977: result: o
configure:2981: checking whether we are using the GNU C compiler
configure:3000: gcc -c   conftest.c >&5
configure:3000: $? = 0
configure:3009: result: yes
configure:3018: checking whether gcc accepts -g
configure:3038: gcc -c -g  conftest.c >&5
configure:3038: $? = 0
configure:3079: result: yes
configure:3096: checking for gcc option to accept ISO C89
configure:3159: gcc  -c -g -O2  conftest.c >&5
configure:3159: $? = 0
configure:3172: result: none needed
configure:3200: checking whether gcc understands -c and -o together
configure:3222: gcc -c conftest.c -o conftest2.o
configure:3225: $? = 0
configure:3222: gcc -c conftest.c -o conftest2.o
configure:3225: $? = 0
configure:3237: result: yes
configure:3297: checking for ranlib
configure:3313: found /usr/bin/ranlib
configure:3324: result: ranlib
configure:3348: checking for python
configure:3364: found /usr/bin/python
configure:3376: result: true
configure:3450: checking for pkg-config
configure:3468: found /usr/bin/pkg-config
configure:3480: result: /usr/bin/pkg-config
configure:3505: checking pkg-config is at least version 0.9.0
configure:3508: result: yes
configure:3518: checking for SDL
configure:3525: $PKG_CONFIG --exists --print-errors "sdl2 >= 2.0.1"
configure:3528: $? = 0
configure:3542: $PKG_CONFIG --exists --print-errors "sdl2 >= 2.0.1"
configure:3545: $? = 0
configure:3603: result: yes
configure:3609: checking for SDLMIXER
configure:3616: $PKG_CONFIG --exists --print-errors "SDL2_mixer >= 2.0.0"
configure:3619: $? = 0
configure:3633: $PKG_CONFIG --exists --print-errors "SDL2_mixer >= 2.0.0"
configure:3636: $? = 0
configure:3694: result: yes
configure:3700: checking for SDLNET
configure:3707: $PKG_CONFIG --exists --print-errors "SDL2_net >= 2.0.0"
configure:3710: $? = 0
configure:3724: $PKG_CONFIG --exists --print-errors "SDL2_net >= 2.0.0"
configure:3727: $? = 0
configure:3785: result: yes
configure:3805: checking for SAMPLERATE
configure:3812: $PKG_CONFIG --exists --print-errors "samplerate >= 0.1.8"
Package samplerate was not found in the pkg-config search path.
Perhaps you should add the directory containing `samplerate.pc'
to the PKG_CONFIG_PATH environment variable
No package 'samplerate' found
configure:3815: $? = 1
configure:3829: $PKG_CONFIG --exists --print-errors "samplerate >= 0.1.8"
Package samplerate was not found in the pkg-config search path.
Perhaps you should add the directory containing `samplerate.pc'
to the PKG_CONFIG_PATH environment variable
No package 'samplerate' found
configure:3832: $? = 1
configure:3846: result: no
No package 'samplerate' found
configure:3912: checking for PNG
configure:3919: $PKG_CONFIG --exists --print-errors "libpng >= 1.6.10"
configure:3922: $? = 0
configure:3936: $PKG_CONFIG --exists --print-errors "libpng >= 1.6.10"
configure:3939: $? = 0
configure:3993: result: yes
configure:4023: checking for log in -lm
configure:4048: gcc -o conftest -O0 -ggdb -D_REENTRANT -I/usr/include/SDL2  -I/usr/include/libpng16   -lSDL2  -lpng16 -lz conftest.c -lm   >&5
conftest.c:18:6: warning: conflicting types for built-in function 'log' [-Wbuiltin-declaration-mismatch]
 char log ();
      ^~~
configure:4048: $? = 0
configure:4057: result: yes
configure:4068: checking for shm_open in -lrt
configure:4093: gcc -o conftest -O0 -ggdb -D_REENTRANT -I/usr/include/SDL2  -I/usr/include/libpng16   -lSDL2  -lpng16 -lz conftest.c -lrt  -lm  >&5
configure:4093: $? = 0
configure:4102: result: yes
configure:4119: checking how to run the C preprocessor
configure:4150: gcc -E  conftest.c
configure:4150: $? = 0
configure:4164: gcc -E  conftest.c
conftest.c:13:10: fatal error: ac_nonexistent.h: No such file or directory
 #include <ac_nonexistent.h>
          ^~~~~~~~~~~~~~~~~~
compilation terminated.
configure:4164: $? = 1
configure: failed program was:
| /* confdefs.h */
| #define PACKAGE_NAME "Chocolate Doom"
| #define PACKAGE_TARNAME "chocolate-doom"
| #define PACKAGE_VERSION "3.0.1"
| #define PACKAGE_STRING "Chocolate Doom 3.0.1"
| #define PACKAGE_BUGREPORT "chocolate-doom-dev-list@chocolate-doom.org"
| #define PACKAGE_URL ""
| #define HAVE_LIBPNG 1
| #define WITH_DEBUG 1
| #define HAVE_LIBM 1
| #define HAVE_LIBRT 1
| /* end confdefs.h.  */
| #include <ac_nonexistent.h>
configure:4189: result: gcc -E
configure:4209: gcc -E  conftest.c
configure:4209: $? = 0
configure:4223: gcc -E  conftest.c
conftest.c:13:10: fatal error: ac_nonexistent.h: No such file or directory
 #include <ac_nonexistent.h>
          ^~~~~~~~~~~~~~~~~~
compilation terminated.
configure:4223: $? = 1
configure: failed program was:
| /* confdefs.h */
| #define PACKAGE_NAME "Chocolate Doom"
| #define PACKAGE_TARNAME "chocolate-doom"
| #define PACKAGE_VERSION "3.0.1"
| #define PACKAGE_STRING "Chocolate Doom 3.0.1"
| #define PACKAGE_BUGREPORT "chocolate-doom-dev-list@chocolate-doom.org"
| #define PACKAGE_URL ""
| #define HAVE_LIBPNG 1
| #define WITH_DEBUG 1
| #define HAVE_LIBM 1
| #define HAVE_LIBRT 1
| /* end confdefs.h.  */
| #include <ac_nonexistent.h>
configure:4252: checking for grep that handles long lines and -e
configure:4310: result: /bin/grep
configure:4315: checking for egrep
configure:4377: result: /bin/grep -E
configure:4382: checking for ANSI C header files
configure:4402: gcc -c -O0 -ggdb -D_REENTRANT -I/usr/include/SDL2  -I/usr/include/libpng16  conftest.c >&5
configure:4402: $? = 0
configure:4475: gcc -o conftest -O0 -ggdb -D_REENTRANT -I/usr/include/SDL2  -I/usr/include/libpng16   -lSDL2  -lpng16 -lz conftest.c -lrt -lm  >&5
configure:4475: $? = 0
configure:4475: ./conftest
configure:4475: $? = 0
configure:4486: result: yes
configure:4499: checking for sys/types.h
configure:4499: gcc -c -O0 -ggdb -D_REENTRANT -I/usr/include/SDL2  -I/usr/include/libpng16  conftest.c >&5
configure:4499: $? = 0
configure:4499: result: yes
configure:4499: checking for sys/stat.h
configure:4499: gcc -c -O0 -ggdb -D_REENTRANT -I/usr/include/SDL2  -I/usr/include/libpng16  conftest.c >&5
configure:4499: $? = 0
configure:4499: result: yes
configure:4499: checking for stdlib.h
configure:4499: gcc -c -O0 -ggdb -D_REENTRANT -I/usr/include/SDL2  -I/usr/include/libpng16  conftest.c >&5
configure:4499: $? = 0
configure:4499: result: yes
configure:4499: checking for string.h
configure:4499: gcc -c -O0 -ggdb -D_REENTRANT -I/usr/include/SDL2  -I/usr/include/libpng16  conftest.c >&5
configure:4499: $? = 0
configure:4499: result: yes
configure:4499: checking for memory.h
configure:4499: gcc -c -O0 -ggdb -D_REENTRANT -I/usr/include/SDL2  -I/usr/include/libpng16  conftest.c >&5
configure:4499: $? = 0
configure:4499: result: yes
configure:4499: checking for strings.h
configure:4499: gcc -c -O0 -ggdb -D_REENTRANT -I/usr/include/SDL2  -I/usr/include/libpng16  conftest.c >&5
configure:4499: $? = 0
configure:4499: result: yes
configure:4499: checking for inttypes.h
configure:4499: gcc -c -O0 -ggdb -D_REENTRANT -I/usr/include/SDL2  -I/usr/include/libpng16  conftest.c >&5
configure:4499: $? = 0
configure:4499: result: yes
configure:4499: checking for stdint.h
configure:4499: gcc -c -O0 -ggdb -D_REENTRANT -I/usr/include/SDL2  -I/usr/include/libpng16  conftest.c >&5
configure:4499: $? = 0
configure:4499: result: yes
configure:4499: checking for unistd.h
configure:4499: gcc -c -O0 -ggdb -D_REENTRANT -I/usr/include/SDL2  -I/usr/include/libpng16  conftest.c >&5
configure:4499: $? = 0
configure:4499: result: yes
configure:4514: checking linux/kd.h usability
configure:4514: gcc -c -O0 -ggdb -D_REENTRANT -I/usr/include/SDL2  -I/usr/include/libpng16  conftest.c >&5
configure:4514: $? = 0
configure:4514: result: yes
configure:4514: checking linux/kd.h presence
configure:4514: gcc -E  conftest.c
configure:4514: $? = 0
configure:4514: result: yes
configure:4514: checking for linux/kd.h
configure:4514: result: yes
configure:4514: checking dev/isa/spkrio.h usability
configure:4514: gcc -c -O0 -ggdb -D_REENTRANT -I/usr/include/SDL2  -I/usr/include/libpng16  conftest.c >&5
conftest.c:57:10: fatal error: dev/isa/spkrio.h: No such file or directory
 #include <dev/isa/spkrio.h>
          ^~~~~~~~~~~~~~~~~~
compilation terminated.
configure:4514: $? = 1
configure: failed program was:
| /* confdefs.h */
| #define PACKAGE_NAME "Chocolate Doom"
| #define PACKAGE_TARNAME "chocolate-doom"
| #define PACKAGE_VERSION "3.0.1"
| #define PACKAGE_STRING "Chocolate Doom 3.0.1"
| #define PACKAGE_BUGREPORT "chocolate-doom-dev-list@chocolate-doom.org"
| #define PACKAGE_URL ""
| #define HAVE_LIBPNG 1
| #define WITH_DEBUG 1
| #define HAVE_LIBM 1
| #define HAVE_LIBRT 1
| #define STDC_HEADERS 1
| #define HAVE_SYS_TYPES_H 1
| #define HAVE_SYS_STAT_H 1
| #define HAVE_STDLIB_H 1
| #define HAVE_STRING_H 1
| #define HAVE_MEMORY_H 1
| #define HAVE_STRINGS_H 1
| #define HAVE_INTTYPES_H 1
| #define HAVE_STDINT_H 1
| #define HAVE_UNISTD_H 1
| #define HAVE_LINUX_KD_H 1
| /* end confdefs.h.  */
| #include <stdio.h>
| #ifdef HAVE_SYS_TYPES_H
| # include <sys/types.h>
| #endif
| #ifdef HAVE_SYS_STAT_H
| # include <sys/stat.h>
| #endif
| #ifdef STDC_HEADERS
| # include <stdlib.h>
| # include <stddef.h>
| #else
| # ifdef HAVE_STDLIB_H
| #  include <stdlib.h>
| # endif
| #endif
| #ifdef HAVE_STRING_H
| # if !defined STDC_HEADERS && defined HAVE_MEMORY_H
| #  include <memory.h>
| # endif
| # include <string.h>
| #endif
| #ifdef HAVE_STRINGS_H
| # include <strings.h>
| #endif
| #ifdef HAVE_INTTYPES_H
| # include <inttypes.h>
| #endif
| #ifdef HAVE_STDINT_H
| # include <stdint.h>
| #endif
| #ifdef HAVE_UNISTD_H
| # include <unistd.h>
| #endif
| #include <dev/isa/spkrio.h>
configure:4514: result: no
configure:4514: checking dev/isa/spkrio.h presence
configure:4514: gcc -E  conftest.c
conftest.c:24:10: fatal error: dev/isa/spkrio.h: No such file or directory
 #include <dev/isa/spkrio.h>
          ^~~~~~~~~~~~~~~~~~
compilation terminated.
configure:4514: $? = 1
configure: failed program was:
| /* confdefs.h */
| #define PACKAGE_NAME "Chocolate Doom"
| #define PACKAGE_TARNAME "chocolate-doom"
| #define PACKAGE_VERSION "3.0.1"
| #define PACKAGE_STRING "Chocolate Doom 3.0.1"
| #define PACKAGE_BUGREPORT "chocolate-doom-dev-list@chocolate-doom.org"
| #define PACKAGE_URL ""
| #define HAVE_LIBPNG 1
| #define WITH_DEBUG 1
| #define HAVE_LIBM 1
| #define HAVE_LIBRT 1
| #define STDC_HEADERS 1
| #define HAVE_SYS_TYPES_H 1
| #define HAVE_SYS_STAT_H 1
| #define HAVE_STDLIB_H 1
| #define HAVE_STRING_H 1
| #define HAVE_MEMORY_H 1
| #define HAVE_STRINGS_H 1
| #define HAVE_INTTYPES_H 1
| #define HAVE_STDINT_H 1
| #define HAVE_UNISTD_H 1
| #define HAVE_LINUX_KD_H 1
| /* end confdefs.h.  */
| #include <dev/isa/spkrio.h>
configure:4514: result: no
configure:4514: checking for dev/isa/spkrio.h
configure:4514: result: no
configure:4514: checking dev/speaker/speaker.h usability
configure:4514: gcc -c -O0 -ggdb -D_REENTRANT -I/usr/include/SDL2  -I/usr/include/libpng16  conftest.c >&5
conftest.c:57:10: fatal error: dev/speaker/speaker.h: No such file or directory
 #include <dev/speaker/speaker.h>
          ^~~~~~~~~~~~~~~~~~~~~~~
compilation terminated.
configure:4514: $? = 1
configure: failed program was:
| /* confdefs.h */
| #define PACKAGE_NAME "Chocolate Doom"
| #define PACKAGE_TARNAME "chocolate-doom"
| #define PACKAGE_VERSION "3.0.1"
| #define PACKAGE_STRING "Chocolate Doom 3.0.1"
| #define PACKAGE_BUGREPORT "chocolate-doom-dev-list@chocolate-doom.org"
| #define PACKAGE_URL ""
| #define HAVE_LIBPNG 1
| #define WITH_DEBUG 1
| #define HAVE_LIBM 1
| #define HAVE_LIBRT 1
| #define STDC_HEADERS 1
| #define HAVE_SYS_TYPES_H 1
| #define HAVE_SYS_STAT_H 1
| #define HAVE_STDLIB_H 1
| #define HAVE_STRING_H 1
| #define HAVE_MEMORY_H 1
| #define HAVE_STRINGS_H 1
| #define HAVE_INTTYPES_H 1
| #define HAVE_STDINT_H 1
| #define HAVE_UNISTD_H 1
| #define HAVE_LINUX_KD_H 1
| /* end confdefs.h.  */
| #include <stdio.h>
| #ifdef HAVE_SYS_TYPES_H
| # include <sys/types.h>
| #endif
| #ifdef HAVE_SYS_STAT_H
| # include <sys/stat.h>
| #endif
| #ifdef STDC_HEADERS
| # include <stdlib.h>
| # include <stddef.h>
| #else
| # ifdef HAVE_STDLIB_H
| #  include <stdlib.h>
| # endif
| #endif
| #ifdef HAVE_STRING_H
| # if !defined STDC_HEADERS && defined HAVE_MEMORY_H
| #  include <memory.h>
| # endif
| # include <string.h>
| #endif
| #ifdef HAVE_STRINGS_H
| # include <strings.h>
| #endif
| #ifdef HAVE_INTTYPES_H
| # include <inttypes.h>
| #endif
| #ifdef HAVE_STDINT_H
| # include <stdint.h>
| #endif
| #ifdef HAVE_UNISTD_H
| # include <unistd.h>
| #endif
| #include <dev/speaker/speaker.h>
configure:4514: result: no
configure:4514: checking dev/speaker/speaker.h presence
configure:4514: gcc -E  conftest.c
conftest.c:24:10: fatal error: dev/speaker/speaker.h: No such file or directory
 #include <dev/speaker/speaker.h>
          ^~~~~~~~~~~~~~~~~~~~~~~
compilation terminated.
configure:4514: $? = 1
configure: failed program was:
| /* confdefs.h */
| #define PACKAGE_NAME "Chocolate Doom"
| #define PACKAGE_TARNAME "chocolate-doom"
| #define PACKAGE_VERSION "3.0.1"
| #define PACKAGE_STRING "Chocolate Doom 3.0.1"
| #define PACKAGE_BUGREPORT "chocolate-doom-dev-list@chocolate-doom.org"
| #define PACKAGE_URL ""
| #define HAVE_LIBPNG 1
| #define WITH_DEBUG 1
| #define HAVE_LIBM 1
| #define HAVE_LIBRT 1
| #define STDC_HEADERS 1
| #define HAVE_SYS_TYPES_H 1
| #define HAVE_SYS_STAT_H 1
| #define HAVE_STDLIB_H 1
| #define HAVE_STRING_H 1
| #define HAVE_MEMORY_H 1
| #define HAVE_STRINGS_H 1
| #define HAVE_INTTYPES_H 1
| #define HAVE_STDINT_H 1
| #define HAVE_UNISTD_H 1
| #define HAVE_LINUX_KD_H 1
| /* end confdefs.h.  */
| #include <dev/speaker/speaker.h>
configure:4514: result: no
configure:4514: checking for dev/speaker/speaker.h
configure:4514: result: no
configure:4527: checking for mmap
configure:4527: gcc -o conftest -O0 -ggdb -D_REENTRANT -I/usr/include/SDL2  -I/usr/include/libpng16   -lSDL2  -lpng16 -lz conftest.c -lrt -lm  >&5
configure:4527: $? = 0
configure:4527: result: yes
configure:4527: checking for ioperm
configure:4527: gcc -o conftest -O0 -ggdb -D_REENTRANT -I/usr/include/SDL2  -I/usr/include/libpng16   -lSDL2  -lpng16 -lz conftest.c -lrt -lm  >&5
configure:4527: $? = 0
configure:4527: result: yes
configure:4536: checking whether strcasecmp is declared
configure:4536: gcc -c -O0 -ggdb -D_REENTRANT -I/usr/include/SDL2  -I/usr/include/libpng16  conftest.c >&5
configure:4536: $? = 0
configure:4536: result: yes
configure:4547: checking whether strncasecmp is declared
configure:4547: gcc -c -O0 -ggdb -D_REENTRANT -I/usr/include/SDL2  -I/usr/include/libpng16  conftest.c >&5
configure:4547: $? = 0
configure:4547: result: yes
configure:4563: checking for i386_iopl in -li386
configure:4588: gcc -o conftest -O0 -ggdb -D_REENTRANT -I/usr/include/SDL2  -I/usr/include/libpng16   -lSDL2  -lpng16 -lz conftest.c -li386  -lrt -lm  >&5
/usr/bin/ld: cannot find -li386
collect2: error: ld returned 1 exit status
configure:4588: $? = 1
configure: failed program was:
| /* confdefs.h */
| #define PACKAGE_NAME "Chocolate Doom"
| #define PACKAGE_TARNAME "chocolate-doom"
| #define PACKAGE_VERSION "3.0.1"
| #define PACKAGE_STRING "Chocolate Doom 3.0.1"
| #define PACKAGE_BUGREPORT "chocolate-doom-dev-list@chocolate-doom.org"
| #define PACKAGE_URL ""
| #define HAVE_LIBPNG 1
| #define WITH_DEBUG 1
| #define HAVE_LIBM 1
| #define HAVE_LIBRT 1
| #define STDC_HEADERS 1
| #define HAVE_SYS_TYPES_H 1
| #define HAVE_SYS_STAT_H 1
| #define HAVE_STDLIB_H 1
| #define HAVE_STRING_H 1
| #define HAVE_MEMORY_H 1
| #define HAVE_STRINGS_H 1
| #define HAVE_INTTYPES_H 1
| #define HAVE_STDINT_H 1
| #define HAVE_UNISTD_H 1
| #define HAVE_LINUX_KD_H 1
| #define HAVE_MMAP 1
| #define HAVE_IOPERM 1
| #define HAVE_DECL_STRCASECMP 1
| #define HAVE_DECL_STRNCASECMP 1
| /* end confdefs.h.  */
| 
| /* Override any GCC internal prototype to avoid an error.
|    Use char because int might match the return type of a GCC
|    builtin and then its argument prototype would still apply.  */
| #ifdef __cplusplus
| extern "C"
| #endif
| char i386_iopl ();
| int
| main ()
| {
| return i386_iopl ();
|   ;
|   return 0;
| }
configure:4597: result: no
configure:4608: checking for amd64_iopl in -lamd64
configure:4633: gcc -o conftest -O0 -ggdb -D_REENTRANT -I/usr/include/SDL2  -I/usr/include/libpng16   -lSDL2  -lpng16 -lz conftest.c -lamd64  -lrt -lm  >&5
/usr/bin/ld: cannot find -lamd64
collect2: error: ld returned 1 exit status
configure:4633: $? = 1
configure: failed program was:
| /* confdefs.h */
| #define PACKAGE_NAME "Chocolate Doom"
| #define PACKAGE_TARNAME "chocolate-doom"
| #define PACKAGE_VERSION "3.0.1"
| #define PACKAGE_STRING "Chocolate Doom 3.0.1"
| #define PACKAGE_BUGREPORT "chocolate-doom-dev-list@chocolate-doom.org"
| #define PACKAGE_URL ""
| #define HAVE_LIBPNG 1
| #define WITH_DEBUG 1
| #define HAVE_LIBM 1
| #define HAVE_LIBRT 1
| #define STDC_HEADERS 1
| #define HAVE_SYS_TYPES_H 1
| #define HAVE_SYS_STAT_H 1
| #define HAVE_STDLIB_H 1
| #define HAVE_STRING_H 1
| #define HAVE_MEMORY_H 1
| #define HAVE_STRINGS_H 1
| #define HAVE_INTTYPES_H 1
| #define HAVE_STDINT_H 1
| #define HAVE_UNISTD_H 1
| #define HAVE_LINUX_KD_H 1
| #define HAVE_MMAP 1
| #define HAVE_IOPERM 1
| #define HAVE_DECL_STRCASECMP 1
| #define HAVE_DECL_STRNCASECMP 1
| /* end confdefs.h.  */
| 
| /* Override any GCC internal prototype to avoid an error.
|    Use char because int might match the return type of a GCC
|    builtin and then its argument prototype would still apply.  */
| #ifdef __cplusplus
| extern "C"
| #endif
| char amd64_iopl ();
| int
| main ()
| {
| return amd64_iopl ();
|   ;
|   return 0;
| }
configure:4642: result: no
configure:4810: checking for objdump
configure:4826: found /usr/bin/objdump
configure:4837: result: objdump
configure:4902: checking for strip
configure:4918: found /usr/bin/strip
configure:4929: result: strip
configure:4986: checking for a BSD-compatible install
configure:5054: result: /usr/bin/install -c
configure:5065: checking whether build environment is sane
configure:5120: result: yes
configure:5268: checking for a thread-safe mkdir -p
configure:5307: result: /bin/mkdir -p
configure:5314: checking for gawk
configure:5344: result: no
configure:5314: checking for mawk
configure:5330: found /usr/bin/mawk
configure:5341: result: mawk
configure:5352: checking whether make sets $(MAKE)
configure:5374: result: yes
configure:5396: checking whether make supports the include directive
configure:5411: make -f confmf.GNU && cat confinc.out
this is the am__doit target
configure:5414: $? = 0
configure:5433: result: yes (GNU style)
configure:5466: checking whether make supports nested variables
configure:5483: result: yes
configure:5568: checking dependency style of gcc
configure:5679: result: gcc3
configure:5748: checking whether make supports nested variables
configure:5765: result: yes
configure:5933: checking that generated files are newer than configure
configure:5939: result: done
configure:5962: creating ./config.status

## ---------------------- ##
## Running config.status. ##
## ---------------------- ##

This file was extended by Chocolate Doom config.status 3.0.1, which was
generated by GNU Autoconf 2.69.  Invocation command line was

  CONFIG_FILES    = 
  CONFIG_HEADERS  = 
  CONFIG_LINKS    = 
  CONFIG_COMMANDS = 
  $ ./config.status 

on Ahmad-HexHive

config.status:941: creating Makefile
config.status:941: creating man/Makefile
config.status:941: creating man/bash-completion/Makefile
config.status:941: creating man/bash-completion/doom.template
config.status:941: creating man/bash-completion/heretic.template
config.status:941: creating man/bash-completion/hexen.template
config.status:941: creating man/bash-completion/strife.template
config.status:941: creating midiproc/Makefile
config.status:941: creating opl/Makefile
config.status:941: creating opl/examples/Makefile
config.status:941: creating pcsound/Makefile
config.status:941: creating pkg/Makefile
config.status:941: creating pkg/config.make
config.status:941: creating pkg/osx/Info.plist
config.status:941: creating rpm.spec
config.status:941: creating data/Makefile
config.status:941: creating src/Makefile
config.status:941: creating src/doom.appdata.xml
config.status:941: creating src/doom.desktop
config.status:941: creating src/doom-screensaver.desktop
config.status:941: creating src/doom/Makefile
config.status:941: creating src/heretic.appdata.xml
config.status:941: creating src/heretic.desktop
config.status:941: creating src/heretic/Makefile
config.status:941: creating src/hexen.appdata.xml
config.status:941: creating src/hexen.desktop
config.status:941: creating src/hexen/Makefile
config.status:941: creating src/resource.rc
config.status:941: creating src/setup-res.rc
config.status:941: creating src/setup/Makefile
config.status:941: creating src/setup/setup.desktop
config.status:941: creating src/setup/setup-manifest.xml
config.status:941: creating src/strife.appdata.xml
config.status:941: creating src/strife.desktop
config.status:941: creating src/strife/Makefile
config.status:941: creating textscreen/Makefile
config.status:941: creating textscreen/examples/Makefile
config.status:941: creating textscreen/fonts/Makefile
config.status:941: creating config.h
config.status:1135: executing depfiles commands
config.status:1212: cd midiproc       && sed -e '/# am--include-marker/d' Makefile         | make -f - am--depfiles
make: Nothing to be done for 'am--depfiles'.
config.status:1217: $? = 0
config.status:1212: cd opl       && sed -e '/# am--include-marker/d' Makefile         | make -f - am--depfiles
make: Nothing to be done for 'am--depfiles'.
config.status:1217: $? = 0
config.status:1212: cd opl/examples       && sed -e '/# am--include-marker/d' Makefile         | make -f - am--depfiles
make: Nothing to be done for 'am--depfiles'.
config.status:1217: $? = 0
config.status:1212: cd pcsound       && sed -e '/# am--include-marker/d' Makefile         | make -f - am--depfiles
make: Nothing to be done for 'am--depfiles'.
config.status:1217: $? = 0
config.status:1212: cd src       && sed -e '/# am--include-marker/d' Makefile         | make -f - am--depfiles
make: Nothing to be done for 'am--depfiles'.
config.status:1217: $? = 0
config.status:1212: cd src/doom       && sed -e '/# am--include-marker/d' Makefile         | make -f - am--depfiles
make: Nothing to be done for 'am--depfiles'.
config.status:1217: $? = 0
config.status:1212: cd src/heretic       && sed -e '/# am--include-marker/d' Makefile         | make -f - am--depfiles
make: Nothing to be done for 'am--depfiles'.
config.status:1217: $? = 0
config.status:1212: cd src/hexen       && sed -e '/# am--include-marker/d' Makefile         | make -f - am--depfiles
make: Nothing to be done for 'am--depfiles'.
config.status:1217: $? = 0
config.status:1212: cd src/setup       && sed -e '/# am--include-marker/d' Makefile         | make -f - am--depfiles
make: Nothing to be done for 'am--depfiles'.
config.status:1217: $? = 0
config.status:1212: cd src/strife       && sed -e '/# am--include-marker/d' Makefile         | make -f - am--depfiles
make: Nothing to be done for 'am--depfiles'.
config.status:1217: $? = 0
config.status:1212: cd textscreen       && sed -e '/# am--include-marker/d' Makefile         | make -f - am--depfiles
make: Nothing to be done for 'am--depfiles'.
config.status:1217: $? = 0
config.status:1212: cd textscreen/examples       && sed -e '/# am--include-marker/d' Makefile         | make -f - am--depfiles
make: Nothing to be done for 'am--depfiles'.
config.status:1217: $? = 0

## ---------------- ##
## Cache variables. ##
## ---------------- ##

ac_cv_build=x86_64-pc-linux-gnu
ac_cv_c_compiler_gnu=yes
ac_cv_env_CC_set=
ac_cv_env_CC_value=
ac_cv_env_CFLAGS_set=
ac_cv_env_CFLAGS_value=
ac_cv_env_CPPFLAGS_set=
ac_cv_env_CPPFLAGS_value=
ac_cv_env_CPP_set=
ac_cv_env_CPP_value=
ac_cv_env_LDFLAGS_set=
ac_cv_env_LDFLAGS_value=
ac_cv_env_LIBS_set=
ac_cv_env_LIBS_value=
ac_cv_env_PKG_CONFIG_LIBDIR_set=
ac_cv_env_PKG_CONFIG_LIBDIR_value=
ac_cv_env_PKG_CONFIG_PATH_set=
ac_cv_env_PKG_CONFIG_PATH_value=
ac_cv_env_PKG_CONFIG_set=
ac_cv_env_PKG_CONFIG_value=
ac_cv_env_PNG_CFLAGS_set=
ac_cv_env_PNG_CFLAGS_value=
ac_cv_env_PNG_LIBS_set=
ac_cv_env_PNG_LIBS_value=
ac_cv_env_SAMPLERATE_CFLAGS_set=
ac_cv_env_SAMPLERATE_CFLAGS_value=
ac_cv_env_SAMPLERATE_LIBS_set=
ac_cv_env_SAMPLERATE_LIBS_value=
ac_cv_env_SDLMIXER_CFLAGS_set=
ac_cv_env_SDLMIXER_CFLAGS_value=
ac_cv_env_SDLMIXER_LIBS_set=
ac_cv_env_SDLMIXER_LIBS_value=
ac_cv_env_SDLNET_CFLAGS_set=
ac_cv_env_SDLNET_CFLAGS_value=
ac_cv_env_SDLNET_LIBS_set=
ac_cv_env_SDLNET_LIBS_value=
ac_cv_env_SDL_CFLAGS_set=
ac_cv_env_SDL_CFLAGS_value=
ac_cv_env_SDL_LIBS_set=
ac_cv_env_SDL_LIBS_value=
ac_cv_env_build_alias_set=
ac_cv_env_build_alias_value=
ac_cv_env_host_alias_set=
ac_cv_env_host_alias_value=
ac_cv_env_target_alias_set=
ac_cv_env_target_alias_value=
ac_cv_func_ioperm=yes
ac_cv_func_mmap=yes
ac_cv_have_decl_strcasecmp=yes
ac_cv_have_decl_strncasecmp=yes
ac_cv_header_dev_isa_spkrio_h=no
ac_cv_header_dev_speaker_speaker_h=no
ac_cv_header_inttypes_h=yes
ac_cv_header_linux_kd_h=yes
ac_cv_header_memory_h=yes
ac_cv_header_stdc=yes
ac_cv_header_stdint_h=yes
ac_cv_header_stdlib_h=yes
ac_cv_header_string_h=yes
ac_cv_header_strings_h=yes
ac_cv_header_sys_stat_h=yes
ac_cv_header_sys_types_h=yes
ac_cv_header_unistd_h=yes
ac_cv_host=x86_64-pc-linux-gnu
ac_cv_lib_amd64_amd64_iopl=no
ac_cv_lib_i386_i386_iopl=no
ac_cv_lib_m_log=yes
ac_cv_lib_rt_shm_open=yes
ac_cv_objext=o
ac_cv_path_EGREP='/bin/grep -E'
ac_cv_path_GREP=/bin/grep
ac_cv_path_ac_pt_PKG_CONFIG=/usr/bin/pkg-config
ac_cv_path_install='/usr/bin/install -c'
ac_cv_path_mkdir=/bin/mkdir
ac_cv_prog_AWK=mawk
ac_cv_prog_CPP='gcc -E'
ac_cv_prog_HAVE_PYTHON=true
ac_cv_prog_ac_ct_CC=gcc
ac_cv_prog_ac_ct_OBJDUMP=objdump
ac_cv_prog_ac_ct_RANLIB=ranlib
ac_cv_prog_ac_ct_STRIP=strip
ac_cv_prog_cc_c89=
ac_cv_prog_cc_g=yes
ac_cv_prog_make_make_set=yes
am_cv_CC_dependencies_compiler_type=gcc3
am_cv_make_support_nested_variables=yes
am_cv_prog_cc_c_o=yes
pkg_cv_PNG_CFLAGS=-I/usr/include/libpng16
pkg_cv_PNG_LIBS='-lpng16 -lz'
pkg_cv_SDLMIXER_CFLAGS='-D_REENTRANT -I/usr/include/SDL2'
pkg_cv_SDLMIXER_LIBS='-lSDL2_mixer -lSDL2'
pkg_cv_SDLNET_CFLAGS='-D_REENTRANT -I/usr/include/SDL2'
pkg_cv_SDLNET_LIBS='-lSDL2_net -lSDL2'
pkg_cv_SDL_CFLAGS='-D_REENTRANT -I/usr/include/SDL2'
pkg_cv_SDL_LIBS=-lSDL2

## ----------------- ##
## Output variables. ##
## ----------------- ##

ACLOCAL='${SHELL} /home/cysto/hexhive/repo/tangofuzz/targets/zoom/repo/autotools/missing aclocal-1.16'
AMDEPBACKSLASH='\'
AMDEP_FALSE='#'
AMDEP_TRUE=''
AMTAR='$${TAR-tar}'
AM_BACKSLASH='\'
AM_DEFAULT_V='$(AM_DEFAULT_VERBOSITY)'
AM_DEFAULT_VERBOSITY='0'
AM_V='$(V)'
AUTOCONF='${SHELL} /home/cysto/hexhive/repo/tangofuzz/targets/zoom/repo/autotools/missing autoconf'
AUTOHEADER='${SHELL} /home/cysto/hexhive/repo/tangofuzz/targets/zoom/repo/autotools/missing autoheader'
AUTOMAKE='${SHELL} /home/cysto/hexhive/repo/tangofuzz/targets/zoom/repo/autotools/missing automake-1.16'
AWK='mawk'
CC='gcc'
CCDEPMODE='depmode=gcc3'
CFLAGS='-O0 -ggdb -D_REENTRANT -I/usr/include/SDL2  -I/usr/include/libpng16'
CPP='gcc -E'
CPPFLAGS=''
CYGPATH_W='echo'
DEFS='-DHAVE_CONFIG_H'
DEPDIR='.deps'
ECHO_C=''
ECHO_N='-n'
ECHO_T=''
EGREP='/bin/grep -E'
EXEEXT=''
GREP='/bin/grep'
HAVE_PYTHON='true'
HAVE_PYTHON_FALSE='#'
HAVE_PYTHON_TRUE=''
HAVE_WINDRES_FALSE=''
HAVE_WINDRES_TRUE='#'
INSTALL_DATA='${INSTALL} -m 644'
INSTALL_PROGRAM='${INSTALL}'
INSTALL_SCRIPT='${INSTALL}'
INSTALL_STRIP_PROGRAM='$(install_sh) -c -s'
LDFLAGS=' -lSDL2  -lpng16 -lz'
LIBOBJS=''
LIBS='-lrt -lm '
LTLIBOBJS=''
MAKEINFO='${SHELL} /home/cysto/hexhive/repo/tangofuzz/targets/zoom/repo/autotools/missing makeinfo'
MKDIR_P='/bin/mkdir -p'
OBJDUMP='objdump'
OBJEXT='o'
PACKAGE='chocolate-doom'
PACKAGE_BUGREPORT='chocolate-doom-dev-list@chocolate-doom.org'
PACKAGE_COPYRIGHT='Copyright (C) 1993-2017'
PACKAGE_ISSUES='https://github.com/chocolate-doom/chocolate-doom/issues'
PACKAGE_LICENSE='GNU General Public License, version 2'
PACKAGE_MAINTAINER='Simon Howard'
PACKAGE_NAME='Chocolate Doom'
PACKAGE_SHORTDESC='Conservative source port'
PACKAGE_SHORTNAME='Chocolate'
PACKAGE_STRING='Chocolate Doom 3.0.1'
PACKAGE_TARNAME='chocolate-doom'
PACKAGE_URL='https://www.chocolate-doom.org/'
PACKAGE_VERSION='3.0.1'
PATH_SEPARATOR=':'
PKG_CONFIG='/usr/bin/pkg-config'
PKG_CONFIG_LIBDIR=''
PKG_CONFIG_PATH=''
PNG_CFLAGS='-I/usr/include/libpng16'
PNG_LIBS='-lpng16 -lz'
PROGRAM_PREFIX='chocolate-'
PROGRAM_SPREFIX='chocolate'
RANLIB='ranlib'
SAMPLERATE_CFLAGS=''
SAMPLERATE_LIBS=''
SDLMIXER_CFLAGS='-D_REENTRANT -I/usr/include/SDL2'
SDLMIXER_LIBS='-lSDL2_mixer -lSDL2'
SDLNET_CFLAGS='-D_REENTRANT -I/usr/include/SDL2'
SDLNET_LIBS='-lSDL2_net -lSDL2'
SDL_CFLAGS='-D_REENTRANT -I/usr/include/SDL2'
SDL_LIBS='-lSDL2'
SET_MAKE=''
SHELL='/bin/bash'
STRIP='strip'
VERSION='3.0.1'
WINDOWS_RC_VERSION='3, 0, 1, 0'
WINDRES=''
WITH_DEBUG='1'
ac_aux_dir='autotools'
ac_ct_CC='gcc'
am__EXEEXT_FALSE=''
am__EXEEXT_TRUE='#'
am__fastdepCC_FALSE='#'
am__fastdepCC_TRUE=''
am__include='include'
am__isrc=''
am__leading_dot='.'
am__nodep='_no'
am__quote=''
am__tar='$${TAR-tar} chof - "$$tardir"'
am__untar='$${TAR-tar} xf -'
bashcompletiondir='/usr/share/bash-completion/completions'
bindir='${exec_prefix}/bin'
build='x86_64-pc-linux-gnu'
build_alias=''
build_cpu='x86_64'
build_os='linux-gnu'
build_vendor='pc'
datadir='${datarootdir}'
datarootdir='${prefix}/share'
docdir='${datarootdir}/doc/${PACKAGE_TARNAME}'
dvidir='${docdir}'
exec_prefix='${prefix}'
host='x86_64-pc-linux-gnu'
host_alias=''
host_cpu='x86_64'
host_os='linux-gnu'
host_vendor='pc'
htmldir='${docdir}'
includedir='${prefix}/include'
infodir='${datarootdir}/info'
install_sh='${SHELL} /home/cysto/hexhive/repo/tangofuzz/targets/zoom/repo/autotools/install-sh'
libdir='${exec_prefix}/lib'
libexecdir='${exec_prefix}/libexec'
localedir='${datarootdir}/locale'
localstatedir='${prefix}/var'
mandir='${datarootdir}/man'
mkdir_p='$(MKDIR_P)'
oldincludedir='/usr/include'
pdfdir='${docdir}'
prefix='/usr/local'
program_transform_name='s,x,x,'
psdir='${docdir}'
runstatedir='${localstatedir}/run'
sbindir='${exec_prefix}/sbin'
sharedstatedir='${prefix}/com'
sysconfdir='${prefix}/etc'
target_alias=''

## ----------- ##
## confdefs.h. ##
## ----------- ##

/* confdefs.h */
#define PACKAGE_NAME "Chocolate Doom"
#define PACKAGE_TARNAME "chocolate-doom"
#define PACKAGE_VERSION "3.0.1"
#define PACKAGE_STRING "Chocolate Doom 3.0.1"
#define PACKAGE_BUGREPORT "chocolate-doom-dev-list@chocolate-doom.org"
#define PACKAGE_URL ""
#define HAVE_LIBPNG 1
#define WITH_DEBUG 1
#define HAVE_LIBM 1
#define HAVE_LIBRT 1
#define STDC_HEADERS 1
#define HAVE_SYS_TYPES_H 1
#define HAVE_SYS_STAT_H 1
#define HAVE_STDLIB_H 1
#define HAVE_STRING_H 1
#define HAVE_MEMORY_H 1
#define HAVE_STRINGS_H 1
#define HAVE_INTTYPES_H 1
#define HAVE_STDINT_H 1
#define HAVE_UNISTD_H 1
#define HAVE_LINUX_KD_H 1
#define HAVE_MMAP 1
#define HAVE_IOPERM 1
#define HAVE_DECL_STRCASECMP 1
#define HAVE_DECL_STRNCASECMP 1
#define PACKAGE "chocolate-doom"
#define VERSION "3.0.1"
#define PROGRAM_PREFIX "chocolate-"

configure: exit 0
